  Exp1_4Host2.cpp
e:\programdata\vs2017\computernetwork\exp1_4host2\exp1_4host2\common.h(29): warning C4244: “参数”: 从“time_t”转换到“unsigned int”，可能丢失数据
e:\programdata\vs2017\computernetwork\exp1_4host2\exp1_4host2\common.h(35): warning C4244: “参数”: 从“time_t”转换到“unsigned int”，可能丢失数据
e:\programdata\vs2017\computernetwork\exp1_4host2\exp1_4host2\myrecv.h(13): warning C4018: “<”: 有符号/无符号不匹配
e:\programdata\vs2017\computernetwork\exp1_4host2\exp1_4host2\myrecv.h(25): warning C4018: “<”: 有符号/无符号不匹配
e:\programdata\vs2017\computernetwork\exp1_4host2\exp1_4host2\myrecv.h(70): warning C4996: 'strcpy': This function or variable may be unsafe. Consider using strcpy_s instead. To disable deprecation, use _CRT_SECURE_NO_WARNINGS. See online help for details.
  c:\program files (x86)\windows kits\10\include\10.0.17763.0\ucrt\string.h(133): note: 参见“strcpy”的声明
e:\programdata\vs2017\computernetwork\exp1_4host2\exp1_4host2\myrecv.h(100): warning C4996: 'gethostbyname': Use getaddrinfo() or GetAddrInfoW() instead or define _WINSOCK_DEPRECATED_NO_WARNINGS to disable deprecated API warnings
  c:\program files (x86)\windows kits\10\include\10.0.17763.0\um\winsock2.h(2219): note: 参见“gethostbyname”的声明
e:\programdata\vs2017\computernetwork\exp1_4host2\exp1_4host2\myrecv.h(114): warning C4996: 'inet_addr': Use inet_pton() or InetPton() instead or define _WINSOCK_DEPRECATED_NO_WARNINGS to disable deprecated API warnings
  c:\program files (x86)\windows kits\10\include\10.0.17763.0\um\winsock2.h(1831): note: 参见“inet_addr”的声明
e:\programdata\vs2017\computernetwork\exp1_4host2\exp1_4host2\myrecv.h(117): warning C4996: 'inet_addr': Use inet_pton() or InetPton() instead or define _WINSOCK_DEPRECATED_NO_WARNINGS to disable deprecated API warnings
  c:\program files (x86)\windows kits\10\include\10.0.17763.0\um\winsock2.h(1831): note: 参见“inet_addr”的声明
e:\programdata\vs2017\computernetwork\exp1_4host2\exp1_4host2\myrecv.h(134): warning C4996: 'fopen': This function or variable may be unsafe. Consider using fopen_s instead. To disable deprecation, use _CRT_SECURE_NO_WARNINGS. See online help for details.
  c:\program files (x86)\windows kits\10\include\10.0.17763.0\ucrt\stdio.h(208): note: 参见“fopen”的声明
e:\programdata\vs2017\computernetwork\exp1_4host2\exp1_4host2\myrecv.h(195): warning C4996: 'strcpy': This function or variable may be unsafe. Consider using strcpy_s instead. To disable deprecation, use _CRT_SECURE_NO_WARNINGS. See online help for details.
  c:\program files (x86)\windows kits\10\include\10.0.17763.0\ucrt\string.h(133): note: 参见“strcpy”的声明
e:\programdata\vs2017\computernetwork\exp1_4host2\exp1_4host2\myrecv.h(207): warning C4996: 'strcpy': This function or variable may be unsafe. Consider using strcpy_s instead. To disable deprecation, use _CRT_SECURE_NO_WARNINGS. See online help for details.
  c:\program files (x86)\windows kits\10\include\10.0.17763.0\ucrt\string.h(133): note: 参见“strcpy”的声明
e:\programdata\vs2017\computernetwork\exp1_4host2\exp1_4host2\mysend.h(20): warning C4018: “<”: 有符号/无符号不匹配
e:\programdata\vs2017\computernetwork\exp1_4host2\exp1_4host2\mysend.h(32): warning C4018: “<”: 有符号/无符号不匹配
e:\programdata\vs2017\computernetwork\exp1_4host2\exp1_4host2\mysend.h(104): warning C4996: 'gethostbyname': Use getaddrinfo() or GetAddrInfoW() instead or define _WINSOCK_DEPRECATED_NO_WARNINGS to disable deprecated API warnings
  c:\program files (x86)\windows kits\10\include\10.0.17763.0\um\winsock2.h(2219): note: 参见“gethostbyname”的声明
e:\programdata\vs2017\computernetwork\exp1_4host2\exp1_4host2\mysend.h(121): warning C4996: 'inet_addr': Use inet_pton() or InetPton() instead or define _WINSOCK_DEPRECATED_NO_WARNINGS to disable deprecated API warnings
  c:\program files (x86)\windows kits\10\include\10.0.17763.0\um\winsock2.h(1831): note: 参见“inet_addr”的声明
e:\programdata\vs2017\computernetwork\exp1_4host2\exp1_4host2\mysend.h(125): warning C4996: 'inet_addr': Use inet_pton() or InetPton() instead or define _WINSOCK_DEPRECATED_NO_WARNINGS to disable deprecated API warnings
  c:\program files (x86)\windows kits\10\include\10.0.17763.0\um\winsock2.h(1831): note: 参见“inet_addr”的声明
e:\programdata\vs2017\computernetwork\exp1_4host2\exp1_4host2\mysend.h(145): warning C4996: 'fopen': This function or variable may be unsafe. Consider using fopen_s instead. To disable deprecation, use _CRT_SECURE_NO_WARNINGS. See online help for details.
  c:\program files (x86)\windows kits\10\include\10.0.17763.0\ucrt\stdio.h(208): note: 参见“fopen”的声明
e:\programdata\vs2017\computernetwork\exp1_4host2\exp1_4host2\mysend.h(232): warning C4996: 'strcpy': This function or variable may be unsafe. Consider using strcpy_s instead. To disable deprecation, use _CRT_SECURE_NO_WARNINGS. See online help for details.
  c:\program files (x86)\windows kits\10\include\10.0.17763.0\ucrt\string.h(133): note: 参见“strcpy”的声明
e:\programdata\vs2017\computernetwork\exp1_4host2\exp1_4host2\mysend.h(239): warning C4996: 'strcpy': This function or variable may be unsafe. Consider using strcpy_s instead. To disable deprecation, use _CRT_SECURE_NO_WARNINGS. See online help for details.
  c:\program files (x86)\windows kits\10\include\10.0.17763.0\ucrt\string.h(133): note: 参见“strcpy”的声明
  Exp1_4Host2.vcxproj -> E:\ProgramData\VS2017\ComputerNetwork\Exp1_4Host2\Debug\Exp1_4Host2.exe
