  Exp1_3Recv.cpp
e:\programdata\vs2017\computernetwork\exp1_3recv\exp1_3recv\exp1_3recv.cpp(23): warning C4244: “参数”: 从“time_t”转换到“unsigned int”，可能丢失数据
e:\programdata\vs2017\computernetwork\exp1_3recv\exp1_3recv\exp1_3recv.cpp(29): warning C4244: “参数”: 从“time_t”转换到“unsigned int”，可能丢失数据
e:\programdata\vs2017\computernetwork\exp1_3recv\exp1_3recv\exp1_3recv.cpp(45): warning C4018: “<”: 有符号/无符号不匹配
e:\programdata\vs2017\computernetwork\exp1_3recv\exp1_3recv\exp1_3recv.cpp(57): warning C4018: “<”: 有符号/无符号不匹配
e:\programdata\vs2017\computernetwork\exp1_3recv\exp1_3recv\exp1_3recv.cpp(103): warning C4996: 'strcpy': This function or variable may be unsafe. Consider using strcpy_s instead. To disable deprecation, use _CRT_SECURE_NO_WARNINGS. See online help for details.
  c:\program files (x86)\windows kits\10\include\10.0.17763.0\ucrt\string.h(133): note: 参见“strcpy”的声明
e:\programdata\vs2017\computernetwork\exp1_3recv\exp1_3recv\exp1_3recv.cpp(133): warning C4996: 'gethostbyname': Use getaddrinfo() or GetAddrInfoW() instead or define _WINSOCK_DEPRECATED_NO_WARNINGS to disable deprecated API warnings
  c:\program files (x86)\windows kits\10\include\10.0.17763.0\um\winsock2.h(2219): note: 参见“gethostbyname”的声明
e:\programdata\vs2017\computernetwork\exp1_3recv\exp1_3recv\exp1_3recv.cpp(149): warning C4996: 'inet_addr': Use inet_pton() or InetPton() instead or define _WINSOCK_DEPRECATED_NO_WARNINGS to disable deprecated API warnings
  c:\program files (x86)\windows kits\10\include\10.0.17763.0\um\winsock2.h(1831): note: 参见“inet_addr”的声明
e:\programdata\vs2017\computernetwork\exp1_3recv\exp1_3recv\exp1_3recv.cpp(152): warning C4996: 'inet_addr': Use inet_pton() or InetPton() instead or define _WINSOCK_DEPRECATED_NO_WARNINGS to disable deprecated API warnings
  c:\program files (x86)\windows kits\10\include\10.0.17763.0\um\winsock2.h(1831): note: 参见“inet_addr”的声明
e:\programdata\vs2017\computernetwork\exp1_3recv\exp1_3recv\exp1_3recv.cpp(168): warning C4996: 'fopen': This function or variable may be unsafe. Consider using fopen_s instead. To disable deprecation, use _CRT_SECURE_NO_WARNINGS. See online help for details.
  c:\program files (x86)\windows kits\10\include\10.0.17763.0\ucrt\stdio.h(208): note: 参见“fopen”的声明
e:\programdata\vs2017\computernetwork\exp1_3recv\exp1_3recv\exp1_3recv.cpp(227): warning C4996: 'strcpy': This function or variable may be unsafe. Consider using strcpy_s instead. To disable deprecation, use _CRT_SECURE_NO_WARNINGS. See online help for details.
  c:\program files (x86)\windows kits\10\include\10.0.17763.0\ucrt\string.h(133): note: 参见“strcpy”的声明
e:\programdata\vs2017\computernetwork\exp1_3recv\exp1_3recv\exp1_3recv.cpp(235): warning C4996: 'strcpy': This function or variable may be unsafe. Consider using strcpy_s instead. To disable deprecation, use _CRT_SECURE_NO_WARNINGS. See online help for details.
  c:\program files (x86)\windows kits\10\include\10.0.17763.0\ucrt\string.h(133): note: 参见“strcpy”的声明
  Exp1_3Recv.vcxproj -> E:\ProgramData\VS2017\ComputerNetwork\Exp1_3Recv\Debug\Exp1_3Recv.exe
